<?xml version="1.0" encoding="UTF-8"?>
<testsuite xmlns:xsi="http://www.w3.org/2001/XMLSchema-instance" xsi:noNamespaceSchemaLocation="https://maven.apache.org/surefire/maven-surefire-plugin/xsd/surefire-test-report-3.0.xsd" version="3.0" name="UnitTest.PersonaServiceTest" time="1.094" tests="11" errors="0" skipped="0" failures="0">
  <properties>
[...]
</properties>
  <testcase name="testRegistroEstudianteExitoso" classname="UnitTest.PersonaServiceTest" time="0.984">
    <system-err><![CDATA[Mockito is currently self-attaching to enable the inline-mock-maker. This will no longer work in future releases of the JDK. Please add Mockito as an agent to your build as described in Mockito's documentation: https://javadoc.io/doc/org.mockito/mockito-core/latest/org.mockito/org/mockito/Mockito.html#0.3
WARNING: A Java agent has been loaded dynamically (C:\Users\david\.m2\repository\net\bytebuddy\byte-buddy-agent\1.17.5\byte-buddy-agent-1.17.5.jar)
WARNING: If a serviceability tool is in use, please run with -XX:+EnableDynamicAgentLoading to hide this warning
WARNING: If a serviceability tool is not in use, please run with -Djdk.instrument.traceUsage for more information
WARNING: Dynamic loading of agents will be disallowed by default in a future release
]]></system-err>
  </testcase>
  <testcase name="testRegistroNombreInvalido" classname="UnitTest.PersonaServiceTest" time="0.009"/>
  <testcase name="testInicioSesionContraseniaIncorrecta" classname="UnitTest.PersonaServiceTest" time="0.008">
    <system-out><![CDATA[carlos.ramirez@unicauca.edu.co
]]></system-out>
  </testcase>
  <testcase name="testRegistroContraseniaDebil" classname="UnitTest.PersonaServiceTest" time="0.007"/>
  <testcase name="testRegistroCelularInvalido" classname="UnitTest.PersonaServiceTest" time="0.004"/>
  <testcase name="testInicioSesionContraseniaVacia" classname="UnitTest.PersonaServiceTest" time="0.006"/>
  <testcase name="testEncriptacionFunciona" classname="UnitTest.PersonaServiceTest" time="0.004"/>
  <testcase name="testInicioSesionExitoso" classname="UnitTest.PersonaServiceTest" time="0.005">
    <system-out><![CDATA[carlos.ramirez@unicauca.edu.co
]]></system-out>
  </testcase>
  <testcase name="testInicioSesionCorreoVacio" classname="UnitTest.PersonaServiceTest" time="0.005"/>
  <testcase name="testCerrarSesion" classname="UnitTest.PersonaServiceTest" time="0.008">
    <system-out><![CDATA[carlos.ramirez@unicauca.edu.co
]]></system-out>
  </testcase>
  <testcase name="testRegistroCorreoExistente" classname="UnitTest.PersonaServiceTest" time="0.011"/>
</testsuite>