<?xml version="1.0" encoding="UTF-8"?>
<testsuite xmlns:xsi="http://www.w3.org/2001/XMLSchema-instance" xsi:noNamespaceSchemaLocation="https://maven.apache.org/surefire/maven-surefire-plugin/xsd/surefire-test-report-3.0.xsd" version="3.0" name="UnitTest.EstudianteConsultaEstadoTest" time="0.086" tests="5" errors="0" skipped="0" failures="0">
  <properties>
[...]
</properties>
  <testcase name="testConsultaInformacionCompletaProyecto" classname="UnitTest.EstudianteConsultaEstadoTest" time="0.044"/>
  <testcase name="testConsultaDiferentesEstados" classname="UnitTest.EstudianteConsultaEstadoTest" time="0.002"/>
  <testcase name="testProyectoConMultiplesEstudiantes" classname="UnitTest.EstudianteConsultaEstadoTest" time="0.005"/>
  <testcase name="testConsultaEstadoProyecto" classname="UnitTest.EstudianteConsultaEstadoTest" time="0.001"/>
  <testcase name="testActualizacionEstadoProyecto" classname="UnitTest.EstudianteConsultaEstadoTest" time="0.001"/>
</testsuite>